<?xml version="1.0" encoding="UTF-8"?>
<!-- Generated by org.testng.reporters.JUnitXMLReporter -->
<testsuite ignored="0" hostname="Lp-ANKUSH26" failures="0" tests="3" name="Test1" time="0.06" errors="0" timestamp="2025-05-15T18:20:57 IST">
  <testcase classname="testNG_Annotations_Multi_Class_Level.All_Annotation1" name="abc" time="0.012"/>
  <testcase classname="testNG_Annotations_Multi_Class_Level.All_Annotation2" name="xyz" time="0.002"/>
  <testcase classname="testNG_Annotations_Multi_Class_Level.All_Annotation3" name="Pqr" time="0.002"/>
</testsuite> <!-- Test1 -->
