<?xml version="1.0" encoding="UTF-8"?>
<!-- Generated by org.testng.reporters.JUnitXMLReporter -->
<testsuite ignored="0" hostname="Lp-ANKUSH26" failures="0" tests="4" name="Test2" time="0.017" errors="0" timestamp="2025-05-15T18:20:33 IST">
  <testcase classname="testNG_Grouping.Test_Suit2" name="Method3" time="0.0"/>
  <testcase classname="testNG_Grouping.Test_Suit2" name="Method4" time="0.003"/>
  <testcase classname="testNG_Grouping.Test_Suit1" name="Method1" time="0.001"/>
  <testcase classname="testNG_Grouping.Test_Suit1" name="Method2" time="0.002"/>
</testsuite> <!-- Test2 -->
